<?xml version="1.0" encoding="UTF-8"?>
<!-- Generated by org.testng.reporters.JUnitXMLReporter -->
<testsuite hostname="OF0607X1S7930" ignored="0" name="test kroger" tests="1" failures="1" timestamp="2021-05-23T11:28:11 EDT" time="53.051" errors="0">
  <testcase name="tc_Test" time="41.374" classname="com.kroger.mobile.cases.TestQA_App">
    <failure type="java.lang.AssertionError" message="The By.xpath: //android.widget.TextView[@content-desc=&amp;quot;carousel&amp;quot;] was not found, or is not enabled">
      <![CDATA[java.lang.AssertionError: The By.xpath: //android.widget.TextView[@content-desc="carousel"] was not found, or is not enabled
at com.krogerqa.seleniumcentral.framework.main.mobileactions.mobileutils.MobileUtils.createMobileElement(MobileUtils.java:24)
at com.krogerqa.seleniumcentral.framework.main.mobileactions.touchactionsutils.TouchActionsUtils.tap(TouchActionsUtils.java:31)
at com.krogerqa.seleniumcentral.framework.main.MobileCommands.tap(MobileCommands.java:220)
at com.kroger.mobile.ui.pages.QAPage.carousel(QAPage.java:44)
at com.kroger.mobile.cases.TestQA_App.tc_Test(TestQA_App.java:23)
at java.util.ArrayList.forEach(ArrayList.java:1259)
... Removed 32 stack frames]]>
    </failure>
  </testcase> <!-- tc_Test -->
</testsuite> <!-- test kroger -->
