<?xml version="1.0" encoding="UTF-8"?>
<testng-results skipped="0" failed="1" ignored="0" total="1" passed="0">
  <reporter-output>
    <line>
      <![CDATA[<style>#result_1{background-color: #43FF33;} #result_2{background-color: pink;} #result_3{background-color: #FFC300;} </style>]]>
    </line>
    <line>
      <![CDATA[<section id='result_2'>]]>
    </line>
    <line>
      <![CDATA[<br> [TestResult name=tc_Test status=FAILURE method=TestQA_App.tc_Test()[pri:0, instance:com.kroger.mobile.cases.TestQA_App@12d3a4e9] output=<style>#result_1{background-color: #43FF33;} #result_2{background-color: pink;} #result_3{background-color: #FFC300;} </style>]]]>
    </line>
  </reporter-output>
  <suite name="Smoke" duration-ms="53051" started-at="2021-05-23T11:27:18 EDT" finished-at="2021-05-23T11:28:11 EDT">
    <groups>
      <group name="smoke">
        <method signature="TestQA_App.tc_Test()[pri:0, instance:com.kroger.mobile.cases.TestQA_App@12d3a4e9]" name="tc_Test" class="com.kroger.mobile.cases.TestQA_App"/>
      </group> <!-- smoke -->
    </groups>
    <test name="test kroger" duration-ms="53051" started-at="2021-05-23T11:27:18 EDT" finished-at="2021-05-23T11:28:11 EDT">
      <class name="com.kroger.mobile.cases.TestQA_App">
        <test-method status="PASS" signature="readParameters(java.lang.String, java.lang.String, java.lang.String, java.lang.String, java.lang.String, java.lang.String, java.lang.String, java.lang.String, java.lang.String, java.lang.String, java.lang.String, java.lang.String, java.lang.String, java.lang.String, java.lang.String, java.lang.String, java.lang.String, java.lang.String, java.lang.String, java.lang.String, org.testng.ITestContext)[pri:0, instance:com.kroger.mobile.cases.TestQA_App@12d3a4e9]" name="readParameters" is-config="true" duration-ms="13" started-at="2021-05-23T11:27:18 EDT" finished-at="2021-05-23T11:27:18 EDT">
          <params>
            <param index="0">
              <value>
                <![CDATA[local]]>
              </value>
            </param>
            <param index="1">
              <value>
                <![CDATA[appium]]>
              </value>
            </param>
            <param index="2">
              <value>
                <![CDATA[30]]>
              </value>
            </param>
            <param index="3">
              <value is-null="true"/>
            </param>
            <param index="4">
              <value is-null="true"/>
            </param>
            <param index="5">
              <value is-null="true"/>
            </param>
            <param index="6">
              <value is-null="true"/>
            </param>
            <param index="7">
              <value>
                <![CDATA[android]]>
              </value>
            </param>
            <param index="8">
              <value>
                <![CDATA[9.0]]>
              </value>
            </param>
            <param index="9">
              <value>
                <![CDATA[Pixel3]]>
              </value>
            </param>
            <param index="10">
              <value>
                <![CDATA[C:\Users\kon7468\LatestBranch\mobile_example\apps\VodQA.apk]]>
              </value>
            </param>
            <param index="11">
              <value>
                <![CDATA[4723]]>
              </value>
            </param>
            <param index="12">
              <value>
                <![CDATA[emulator]]>
              </value>
            </param>
            <param index="13">
              <value is-null="true"/>
            </param>
            <param index="14">
              <value is-null="true"/>
            </param>
            <param index="15">
              <value is-null="true"/>
            </param>
            <param index="16">
              <value is-null="true"/>
            </param>
            <param index="17">
              <value is-null="true"/>
            </param>
            <param index="18">
              <value is-null="true"/>
            </param>
            <param index="19">
              <value is-null="true"/>
            </param>
            <param index="20">
              <value>
                <![CDATA[org.testng.TestRunner@403132fc]]>
              </value>
            </param>
          </params>
          <reporter-output>
          </reporter-output>
        </test-method> <!-- readParameters -->
        <test-method status="PASS" signature="setupIfSingleSessionTest()[pri:0, instance:com.kroger.mobile.cases.TestQA_App@12d3a4e9]" name="setupIfSingleSessionTest" is-config="true" duration-ms="0" started-at="2021-05-23T11:27:18 EDT" finished-at="2021-05-23T11:27:18 EDT">
          <reporter-output>
          </reporter-output>
        </test-method> <!-- setupIfSingleSessionTest -->
        <test-method status="PASS" signature="setTestName(org.testng.ITestResult)[pri:0, instance:com.kroger.mobile.cases.TestQA_App@12d3a4e9]" name="setTestName" is-config="true" duration-ms="0" started-at="2021-05-23T11:27:18 EDT" finished-at="2021-05-23T11:27:18 EDT">
          <params>
            <param index="0">
              <value>
                <![CDATA[[TestResult name={null} status=CREATED method=TestQA_App.tc_Test()[pri:0, instance:com.kroger.mobile.cases.TestQA_App@12d3a4e9] output={null}]]]>
              </value>
            </param>
          </params>
          <reporter-output>
          </reporter-output>
        </test-method> <!-- setTestName -->
        <test-method status="PASS" signature="setupNormally()[pri:0, instance:com.kroger.mobile.cases.TestQA_App@12d3a4e9]" name="setupNormally" is-config="true" duration-ms="10506" started-at="2021-05-23T11:27:18 EDT" finished-at="2021-05-23T11:27:28 EDT">
          <reporter-output>
          </reporter-output>
        </test-method> <!-- setupNormally -->
        <test-method status="FAIL" signature="tc_Test()[pri:0, instance:com.kroger.mobile.cases.TestQA_App@12d3a4e9]" name="tc_Test" duration-ms="41374" started-at="2021-05-23T11:27:28 EDT" finished-at="2021-05-23T11:28:10 EDT">
          <exception class="java.lang.AssertionError">
            <message>
              <![CDATA[The By.xpath: //android.widget.TextView[@content-desc="carousel"] was not found, or is not enabled]]>
            </message>
            <full-stacktrace>
              <![CDATA[java.lang.AssertionError: The By.xpath: //android.widget.TextView[@content-desc="carousel"] was not found, or is not enabled
at org.testng.Assert.fail(Assert.java:97)
at com.krogerqa.seleniumcentral.framework.main.mobileactions.mobileutils.MobileUtils.createMobileElement(MobileUtils.java:24)
at com.krogerqa.seleniumcentral.framework.main.mobileactions.touchactionsutils.TouchActionsUtils.tap(TouchActionsUtils.java:31)
at com.krogerqa.seleniumcentral.framework.main.MobileCommands.tap(MobileCommands.java:220)
at com.kroger.mobile.ui.pages.QAPage.carousel(QAPage.java:44)
at com.kroger.mobile.cases.TestQA_App.tc_Test(TestQA_App.java:23)
at sun.reflect.NativeMethodAccessorImpl.invoke0(Native Method)
at sun.reflect.NativeMethodAccessorImpl.invoke(NativeMethodAccessorImpl.java:62)
at sun.reflect.DelegatingMethodAccessorImpl.invoke(DelegatingMethodAccessorImpl.java:43)
at java.lang.reflect.Method.invoke(Method.java:498)
at org.testng.internal.MethodInvocationHelper.invokeMethod(MethodInvocationHelper.java:133)
at org.testng.internal.TestInvoker.invokeMethod(TestInvoker.java:584)
at org.testng.internal.TestInvoker.invokeTestMethod(TestInvoker.java:172)
at org.testng.internal.MethodRunner.runInSequence(MethodRunner.java:46)
at org.testng.internal.TestInvoker$MethodInvocationAgent.invoke(TestInvoker.java:804)
at org.testng.internal.TestInvoker.invokeTestMethods(TestInvoker.java:145)
at org.testng.internal.TestMethodWorker.invokeTestMethods(TestMethodWorker.java:146)
at org.testng.internal.TestMethodWorker.run(TestMethodWorker.java:128)
at java.util.ArrayList.forEach(ArrayList.java:1259)
at org.testng.TestRunner.privateRun(TestRunner.java:770)
at org.testng.TestRunner.run(TestRunner.java:591)
at org.testng.SuiteRunner.runTest(SuiteRunner.java:402)
at org.testng.SuiteRunner.runSequentially(SuiteRunner.java:396)
at org.testng.SuiteRunner.privateRun(SuiteRunner.java:355)
at org.testng.SuiteRunner.run(SuiteRunner.java:304)
at org.testng.SuiteRunnerWorker.runSuite(SuiteRunnerWorker.java:53)
at org.testng.SuiteRunnerWorker.run(SuiteRunnerWorker.java:96)
at org.testng.TestNG.runSuitesSequentially(TestNG.java:1180)
at org.testng.TestNG.runSuitesLocally(TestNG.java:1102)
at org.testng.TestNG.runSuites(TestNG.java:1032)
at org.testng.TestNG.run(TestNG.java:1000)
at org.apache.maven.surefire.testng.TestNGExecutor.run(TestNGExecutor.java:283)
at org.apache.maven.surefire.testng.TestNGXmlTestSuite.execute(TestNGXmlTestSuite.java:75)
at org.apache.maven.surefire.testng.TestNGProvider.invoke(TestNGProvider.java:120)
at org.apache.maven.surefire.booter.ForkedBooter.invokeProviderInSameClassLoader(ForkedBooter.java:384)
at org.apache.maven.surefire.booter.ForkedBooter.runSuitesInProcess(ForkedBooter.java:345)
at org.apache.maven.surefire.booter.ForkedBooter.execute(ForkedBooter.java:126)
at org.apache.maven.surefire.booter.ForkedBooter.main(ForkedBooter.java:418)
]]>
            </full-stacktrace>
          </exception> <!-- java.lang.AssertionError -->
          <reporter-output>
            <line>
              <![CDATA[<style>#result_1{background-color: #43FF33;} #result_2{background-color: pink;} #result_3{background-color: #FFC300;} </style>]]>
            </line>
            <line>
              <![CDATA[<section id='result_2'>]]>
            </line>
            <line>
              <![CDATA[<br> [TestResult name=tc_Test status=FAILURE method=TestQA_App.tc_Test()[pri:0, instance:com.kroger.mobile.cases.TestQA_App@12d3a4e9] output=<style>#result_1{background-color: #43FF33;} #result_2{background-color: pink;} #result_3{background-color: #FFC300;} </style>]]]>
            </line>
          </reporter-output>
        </test-method> <!-- tc_Test -->
        <test-method status="PASS" signature="teardownNormally()[pri:0, instance:com.kroger.mobile.cases.TestQA_App@12d3a4e9]" name="teardownNormally" is-config="true" duration-ms="1108" started-at="2021-05-23T11:28:10 EDT" finished-at="2021-05-23T11:28:11 EDT">
          <reporter-output>
          </reporter-output>
        </test-method> <!-- teardownNormally -->
        <test-method status="PASS" signature="teardownIfSingleSessionTest()[pri:0, instance:com.kroger.mobile.cases.TestQA_App@12d3a4e9]" name="teardownIfSingleSessionTest" is-config="true" duration-ms="1" started-at="2021-05-23T11:28:11 EDT" finished-at="2021-05-23T11:28:11 EDT">
          <reporter-output>
          </reporter-output>
        </test-method> <!-- teardownIfSingleSessionTest -->
      </class> <!-- com.kroger.mobile.cases.TestQA_App -->
    </test> <!-- test kroger -->
  </suite> <!-- Smoke -->
</testng-results>
